show version
Cisco IOS Software, C2960S Software (C2960S-UNIVERSALK9-M), Version 12.2(55)SE7, RELEASE SOFTWARE (fc1)
Technical Support: http://www.cisco.com/techsupport
Copyright (c) 1986-2013 by Cisco Systems, Inc.
Compiled Mon 28-Jan-13 10:28 by prod_rel_team
Image text-base: 0x00003000, data-base: 0x01B00000

ROM: Bootstrap program is Alpha board boot loader
BOOTLDR: C2960S Boot Loader (C2960S-HBOOT-M) Version 12.2(55r)SE, RELEASE SOFTWARE (fc1)

dc3-msw4 uptime is 2 years, 34 weeks, 23 hours, 33 minutes
System returned to ROM by power-on
System restarted at 16:30:22 MSK Tue Dec 22 2015
System image file is "flash:/c2960s-universalk9-mz.122-55.SE7/c2960s-universalk9-mz.122-55.SE7.bin"


This product contains cryptographic features and is subject to United
States and local country laws governing import, export, transfer and
use. Delivery of Cisco cryptographic products does not imply
third-party authority to import, export, distribute or use encryption.
Importers, exporters, distributors and users are responsible for
compliance with U.S. and local country laws. By using this product you
agree to comply with applicable laws and regulations. If you are unable
to comply with U.S. and local laws, return this product immediately.

A summary of U.S. laws governing Cisco cryptographic products may be found at:
http://www.cisco.com/wwl/export/crypto/tool/stqrg.html

If you require further assistance please contact us by sending email to
export@cisco.com.

cisco WS-C2960S-48TS-S (PowerPC) processor (revision K0) with 131072K bytes of memory.
Processor board ID FOC1819Z4YK
Last reset from power-on
2 Virtual Ethernet interfaces
1 FastEthernet interface
50 Gigabit Ethernet interfaces
The password-recovery mechanism is enabled.

512K bytes of flash-simulated non-volatile configuration memory.
Base ethernet MAC Address       : 38:1C:1A:95:7E:00
Motherboard assembly number     : 73-12424-09
Power supply part number        : 341-0327-04
Motherboard serial number       : FOC18196Q31
Power supply serial number      : LIT18040VSD
Model revision number           : K0
Motherboard revision number     : A0
Model number                    : WS-C2960S-48TS-S
Daughterboard assembly number   : 73-11933-04
Daughterboard serial number     : FOC18192H5P
System serial number            : FOC1819Z4YK
Top Assembly Part Number        : 800-32452-06
Top Assembly Revision Number    : B0
Version ID                      : V06
CLEI Code Number                : COMGK00ARF
Daughterboard revision number   : A0
Hardware Board Revision Number  : 0x01


Switch Ports Model              SW Version            SW Image                 
------ ----- -----              ----------            ----------               
*    1 50    WS-C2960S-48TS-S   12.2(55)SE7           C2960S-UNIVERSALK9-M     


Configuration register is 0xF

dc3-msw4#